/app11/synopsys/syn_vJ-2014.09-SP2/auxx/gui/dv/dv_setup.tcl
/app11/synopsys/syn_vJ-2014.09-SP2/auxx/gui/syn/snpsSynProcs.tcl
/app11/synopsys/syn_vJ-2014.09-SP2/auxx/tcllib/lib/tcl8.5/tm.tcl
/app11/synopsys/syn_vJ-2014.09-SP2/auxx/tcllib/lib/tcl8.5/package.tcl
/app11/synopsys/syn_vJ-2014.09-SP2/auxx/gui/syn/layout/pkgIndex.tcl
/app11/synopsys/syn_vJ-2014.09-SP2/auxx/gui/common/commandform/pkgIndex.tcl
/app11/synopsys/syn_vJ-2014.09-SP2/auxx/gui/common/tcl-dp/pkgIndex.tcl
/app11/synopsys/syn_vJ-2014.09-SP2/auxx/gui/common/palettegroup/pkgIndex.tcl
/app11/synopsys/syn_vJ-2014.09-SP2/auxx/gui/common/tq/pkgIndex.tcl
/app11/synopsys/syn_vJ-2014.09-SP2/auxx/gui/common/fanoutviewer/pkgIndex.tcl
/app11/synopsys/syn_vJ-2014.09-SP2/auxx/gui/common/dialogs/pkgIndex.tcl
/app11/synopsys/syn_vJ-2014.09-SP2/auxx/gui/common/timing/pkgIndex.tcl
/app11/synopsys/syn_vJ-2014.09-SP2/auxx/gui/common/strokes/pkgIndex.tcl
/app11/synopsys/syn_vJ-2014.09-SP2/auxx/gui/common/WindowFrameWork/pkgIndex.tcl
/app11/synopsys/syn_vJ-2014.09-SP2/auxx/gui/common/view/pkgIndex.tcl
/app11/synopsys/syn_vJ-2014.09-SP2/auxx/gui/common/profiler/pkgIndex.tcl
/app11/synopsys/syn_vJ-2014.09-SP2/auxx/gui/common/layout/pkgIndex.tcl
/app11/synopsys/syn_vJ-2014.09-SP2/auxx/gui/common/setup/pkgIndex.tcl
/app11/synopsys/syn_vJ-2014.09-SP2/auxx/gui/common/opdlg/pkgIndex.tcl
/app11/synopsys/syn_vJ-2014.09-SP2/auxx/gui/common/misc/pkgIndex.tcl
/app11/synopsys/syn_vJ-2014.09-SP2/auxx/gui/common/hierarchy/pkgIndex.tcl
/app11/synopsys/syn_vJ-2014.09-SP2/auxx/gui/common/regressionToolkit/pkgIndex.tcl
/app11/synopsys/syn_vJ-2014.09-SP2/auxx/gui/common/table/pkgIndex.tcl
/app11/synopsys/syn_vJ-2014.09-SP2/auxx/gui/common/tiledview/pkgIndex.tcl
/app11/synopsys/syn_vJ-2014.09-SP2/auxx/gui/common/qtcl/pkgIndex.tcl
/app11/synopsys/syn_vJ-2014.09-SP2/auxx/gui/common/acg/pkgIndex.tcl
/app11/synopsys/syn_vJ-2014.09-SP2/auxx/gui/common/mrupalette/pkgIndex.tcl
/app11/synopsys/syn_vJ-2014.09-SP2/auxx/gui/common/menus/pkgIndex.tcl
/app11/synopsys/syn_vJ-2014.09-SP2/auxx/gui/common/pathinspector/pkgIndex.tcl
/app11/synopsys/syn_vJ-2014.09-SP2/auxx/gui/common/libviewer/pkgIndex.tcl
/app11/synopsys/syn_vJ-2014.09-SP2/auxx/gui/common/select/pkgIndex.tcl
/app11/synopsys/syn_vJ-2014.09-SP2/auxx/gui/common/histogram/pkgIndex.tcl
/app11/synopsys/syn_vJ-2014.09-SP2/auxx/gui/common/docBrowser/pkgIndex.tcl
/app11/synopsys/syn_vJ-2014.09-SP2/auxx/gui/common/schematic/pkgIndex.tcl
/app11/synopsys/syn_vJ-2014.09-SP2/auxx/gui/common/highlight/pkgIndex.tcl
/app11/synopsys/syn_vJ-2014.09-SP2/auxx/gui/dv/pkgIndex.tcl
/app11/synopsys/syn_vJ-2014.09-SP2/auxx/tcllib/snps_tcl/snpsTclPro/pkgIndex.tcl
/app11/synopsys/syn_vJ-2014.09-SP2/auxx/tcllib/snps_tcl/snpsUtils/pkgIndex.tcl
/app11/synopsys/syn_vJ-2014.09-SP2/auxx/tcllib/snps_tcl/snpsTest/pkgIndex.tcl
/app11/synopsys/syn_vJ-2014.09-SP2/auxx/tcllib/snps_tcl/pkgIndex.tcl
/app11/synopsys/syn_vJ-2014.09-SP2/auxx/tcllib/lib/tcl8.5/http1.0/pkgIndex.tcl
/app11/synopsys/syn_vJ-2014.09-SP2/auxx/tcllib/lib/tcl8.5/msgcat/pkgIndex.tcl
/app11/synopsys/syn_vJ-2014.09-SP2/auxx/tcllib/lib/tcl8.5/http/pkgIndex.tcl
/app11/synopsys/syn_vJ-2014.09-SP2/auxx/tcllib/lib/tcl8.5/opt/pkgIndex.tcl
/app11/synopsys/syn_vJ-2014.09-SP2/auxx/tcllib/lib/tcl8.5/dde/pkgIndex.tcl
/app11/synopsys/syn_vJ-2014.09-SP2/auxx/tcllib/lib/tcl8.5/reg/pkgIndex.tcl
/app11/synopsys/syn_vJ-2014.09-SP2/auxx/tcllib/lib/tcl8.5/tcltest/pkgIndex.tcl
/app11/synopsys/syn_vJ-2014.09-SP2/auxx/tcllib/lib/tcl8.5/platform/pkgIndex.tcl
/app11/synopsys/syn_vJ-2014.09-SP2/auxx/gui/common/setup/snpsCommonSetup.tcl
/app11/synopsys/syn_vJ-2014.09-SP2/auxx/gui/common/setup/snpsCustomize.tcl
/app11/synopsys/syn_vJ-2014.09-SP2/auxx/gui/common/setup/snpsProcheck.tcl
/app11/synopsys/syn_vJ-2014.09-SP2/auxx/gui/common/qtcl/.synopsys_qtcl.tcl
/app11/synopsys/syn_vJ-2014.09-SP2/auxx/gui/common/highlight/highlight.tcl
/app11/synopsys/syn_vJ-2014.09-SP2/auxx/gui/common/misc/base.tcl
/app11/synopsys/syn_vJ-2014.09-SP2/auxx/gui/common/misc/timing.tcl
/app11/synopsys/syn_vJ-2014.09-SP2/auxx/gui/common/misc/setting.tcl
/app11/synopsys/syn_vJ-2014.09-SP2/auxx/gui/common/misc/preset.tcl
/app11/synopsys/syn_vJ-2014.09-SP2/auxx/gui/common/WindowFrameWork/windowFrameWork.tcl
/app11/synopsys/syn_vJ-2014.09-SP2/auxx/gui/common/WindowFrameWork/skipBusyCursorCmdList.tcl
/app11/synopsys/syn_vJ-2014.09-SP2/auxx/gui/common/docBrowser/docBrowser.tcl
/app11/synopsys/syn_vJ-2014.09-SP2/auxx/tcllib/snps_tcl/snpsUtils/snpsUtils.tcl
/app11/synopsys/syn_vJ-2014.09-SP2/auxx/gui/common/dialogs/ObjectChooser.tcl
/app11/synopsys/syn_vJ-2014.09-SP2/auxx/gui/common/misc/DialogObjectChooser.tcl
/app11/synopsys/syn_vJ-2014.09-SP2/auxx/gui/common/dialogs/HistBinInformation.tcl
/app11/synopsys/syn_vJ-2014.09-SP2/auxx/gui/common/dialogs/HistBin1Information.tcl
/app11/synopsys/syn_vJ-2014.09-SP2/auxx/gui/common/dialogs/BinsOnlyInformation.tcl
/app11/synopsys/syn_vJ-2014.09-SP2/auxx/gui/common/dialogs/FileChooser.tcl
/app11/synopsys/syn_vJ-2014.09-SP2/auxx/gui/common/dialogs/PathPinSimpleInfo.tcl
/app11/synopsys/syn_vJ-2014.09-SP2/auxx/gui/common/dialogs/PathsBasicInfo.tcl
/app11/synopsys/syn_vJ-2014.09-SP2/auxx/gui/common/dialogs/PathsBasicSimpleInfo.tcl
/app11/synopsys/syn_vJ-2014.09-SP2/auxx/gui/common/dialogs/SlctOperationInfo.tcl
/app11/synopsys/syn_vJ-2014.09-SP2/auxx/gui/common/dialogs/ObjectListInfo.tcl
/app11/synopsys/syn_vJ-2014.09-SP2/auxx/gui/common/dialogs/FanInOutInfo.tcl
/app11/synopsys/syn_vJ-2014.09-SP2/auxx/gui/common/dialogs/NumberOfLevelsChooser.tcl
/app11/synopsys/syn_vJ-2014.09-SP2/auxx/gui/common/dialogs/WindowReuseInfo.tcl
/app11/synopsys/syn_vJ-2014.09-SP2/auxx/gui/common/dialogs/ReportOutputOptionInfo.tcl
/app11/synopsys/syn_vJ-2014.09-SP2/auxx/gui/common/setup/snpsCollections.tcl
/app11/synopsys/syn_vJ-2014.09-SP2/auxx/gui/common/dialogs/CompileLinkDesign.tcl
/app11/synopsys/syn_vJ-2014.09-SP2/auxx/gui/common/histogram/DialogEndpointSlack.tcl
/app11/synopsys/syn_vJ-2014.09-SP2/auxx/gui/common/histogram/DialogPathsSlack.tcl
/app11/synopsys/syn_vJ-2014.09-SP2/auxx/gui/common/histogram/DialogNetCapacitance.tcl
/app11/synopsys/syn_vJ-2014.09-SP2/auxx/gui/common/schematic/DialogPathSchematicFanInOut.tcl
/app11/synopsys/syn_vJ-2014.09-SP2/auxx/gui/common/schematic/DialogPathSchematicAddPaths.tcl
/class2/ug20/a213607m/ee4415_part2/part3/syn/synthesis.tcl
/app11/saed_32.28/SAED32_EDK/lib/stdcell_rvt/db_ccs/saed32rvt_tt1p05v125c.db
/app11/synopsys/syn_vJ-2014.09-SP2/libraries/syn/gtech.db
/app11/synopsys/syn_vJ-2014.09-SP2/libraries/syn/standard.sldb
/class2/ug20/a213607m/ee4415_part2/part3/src/aes_sbox.v
/class2/ug20/a213607m/ee4415_part2/part3/src/subBytes_top.v
/class2/ug20/a213607m/ee4415_part2/part3/src/shiftRows_top.v
/class2/ug20/a213607m/ee4415_part2/part3/src/matrix_mult.v
/class2/ug20/a213607m/ee4415_part2/part3/src/MixCol_top.v
/class2/ug20/a213607m/ee4415_part2/part3/src/AddRndKey_top.v
/class2/ug20/a213607m/ee4415_part2/part3/src/KeySchedule_top.v
/class2/ug20/a213607m/ee4415_part2/part3/src/AESCore.v
/class2/ug20/a213607m/ee4415_part2/part3/src/AEScntx.v
/class2/ug20/a213607m/ee4415_part2/part3/src/AES_top.v
/class2/ug20/a213607m/ee4415_part2/part3/syn/constraint.tcl
/class2/ug20/a213607m/synopsys_cache_J-2014.09-SP2/DW01/DW01_cmp2/rpl/4/saed32rvt_tt1p05v125c_1252/element.ddc
/class2/ug20/a213607m/synopsys_cache_J-2014.09-SP2/DW01/DW01_inc/rpl/2/saed32rvt_tt1p05v125c_1252/element.ddc
/class2/ug20/a213607m/synopsys_cache_J-2014.09-SP2/DW01/DW01_cmp2/rpl/2/saed32rvt_tt1p05v125c_1252/element.ddc
/class2/ug20/a213607m/synopsys_cache_J-2014.09-SP2/DW01/DW01_inc/rpl/4/saed32rvt_tt1p05v125c_1252/element.ddc
/class2/ug20/a213607m/synopsys_cache_J-2014.09-SP2/DW01/DW01_cmp6/rpl/4/saed32rvt_tt1p05v125c_1252/element.ddc
/app11/saed_32.28/SAED32_EDK/lib/stdcell_rvt/db_ccs/saed32rvt_tt1p05v125c.db
/class2/ug20/a213607m/ee4415_part2/part3/syn/alib-52/saed32rvt_tt1p05v125c.db.alib
/app11/synopsys/syn_vJ-2014.09-SP2/libraries/syn/dw_foundation.sldb
/app11/saed_32.28/SAED32_EDK/lib/stdcell_rvt/db_ccs/saed32rvt_tt1p05v125c.db
/class2/ug20/a213607m/ee4415_part2/part3/syn/alib-52/saed32rvt_tt1p05v125c.db.alib
